This is pdfTeX, Version 3.14159265-2.6-1.40.19 (TeX Live 2018) (preloaded format=pdflatex 2018.6.8)  30 AUG 2020 12:14
entering extended mode
 restricted \write18 enabled.
 Source specials enabled.
 %&-line parsing enabled.
**A02_ProjectDescription_averseng.tex
(./A02_ProjectDescription_averseng.tex
LaTeX2e <2018-04-01> patch level 2
Babel <3.18> and hyphenation patterns for 84 language(s) loaded.
(/scratch/local/app/teTeX/06.18/texmf-dist/tex/latex/base/report.cls
Document Class: report 2014/09/29 v1.4h Standard LaTeX document class
(/scratch/local/app/teTeX/06.18/texmf-dist/tex/latex/base/size10.clo
File: size10.clo 2014/09/29 v1.4h Standard LaTeX file (size option)
)
\c@part=\count80
\c@chapter=\count81
\c@section=\count82
\c@subsection=\count83
\c@subsubsection=\count84
\c@paragraph=\count85
\c@subparagraph=\count86
\c@figure=\count87
\c@table=\count88
\abovecaptionskip=\skip41
\belowcaptionskip=\skip42
\bibindent=\dimen102
)
(/scratch/local/app/teTeX/06.18/texmf-dist/tex/latex/geometry/geometry.sty
Package: geometry 2018/04/16 v5.8 Page Geometry

(/scratch/local/app/teTeX/06.18/texmf-dist/tex/latex/graphics/keyval.sty
Package: keyval 2014/10/28 v1.15 key=value parser (DPC)
\KV@toks@=\toks14
)
(/scratch/local/app/teTeX/06.18/texmf-dist/tex/generic/oberdiek/ifpdf.sty
Package: ifpdf 2017/03/15 v3.2 Provides the ifpdf switch
)
(/scratch/local/app/teTeX/06.18/texmf-dist/tex/generic/oberdiek/ifvtex.sty
Package: ifvtex 2016/05/16 v1.6 Detect VTeX and its facilities (HO)
Package ifvtex Info: VTeX not detected.
)
(/scratch/local/app/teTeX/06.18/texmf-dist/tex/generic/ifxetex/ifxetex.sty
Package: ifxetex 2010/09/12 v0.6 Provides ifxetex conditional
)
\Gm@cnth=\count89
\Gm@cntv=\count90
\c@Gm@tempcnt=\count91
\Gm@bindingoffset=\dimen103
\Gm@wd@mp=\dimen104
\Gm@odd@mp=\dimen105
\Gm@even@mp=\dimen106
\Gm@layoutwidth=\dimen107
\Gm@layoutheight=\dimen108
\Gm@layouthoffset=\dimen109
\Gm@layoutvoffset=\dimen110
\Gm@dimlist=\toks15
)
(/scratch/local/app/teTeX/06.18/texmf-dist/tex/latex/amsmath/amsmath.sty
Package: amsmath 2017/09/02 v2.17a AMS math features
\@mathmargin=\skip43

For additional information on amsmath, use the `?' option.
(/scratch/local/app/teTeX/06.18/texmf-dist/tex/latex/amsmath/amstext.sty
Package: amstext 2000/06/29 v2.01 AMS text

(/scratch/local/app/teTeX/06.18/texmf-dist/tex/latex/amsmath/amsgen.sty
File: amsgen.sty 1999/11/30 v2.0 generic functions
\@emptytoks=\toks16
\ex@=\dimen111
))
(/scratch/local/app/teTeX/06.18/texmf-dist/tex/latex/amsmath/amsbsy.sty
Package: amsbsy 1999/11/29 v1.2d Bold Symbols
\pmbraise@=\dimen112
)
(/scratch/local/app/teTeX/06.18/texmf-dist/tex/latex/amsmath/amsopn.sty
Package: amsopn 2016/03/08 v2.02 operator names
)
\inf@bad=\count92
LaTeX Info: Redefining \frac on input line 213.
\uproot@=\count93
\leftroot@=\count94
LaTeX Info: Redefining \overline on input line 375.
\classnum@=\count95
\DOTSCASE@=\count96
LaTeX Info: Redefining \ldots on input line 472.
LaTeX Info: Redefining \dots on input line 475.
LaTeX Info: Redefining \cdots on input line 596.
\Mathstrutbox@=\box26
\strutbox@=\box27
\big@size=\dimen113
LaTeX Font Info:    Redeclaring font encoding OML on input line 712.
LaTeX Font Info:    Redeclaring font encoding OMS on input line 713.
\macc@depth=\count97
\c@MaxMatrixCols=\count98
\dotsspace@=\muskip10
\c@parentequation=\count99
\dspbrk@lvl=\count100
\tag@help=\toks17
\row@=\count101
\column@=\count102
\maxfields@=\count103
\andhelp@=\toks18
\eqnshift@=\dimen114
\alignsep@=\dimen115
\tagshift@=\dimen116
\tagwidth@=\dimen117
\totwidth@=\dimen118
\lineht@=\dimen119
\@envbody=\toks19
\multlinegap=\skip44
\multlinetaggap=\skip45
\mathdisplay@stack=\toks20
LaTeX Info: Redefining \[ on input line 2817.
LaTeX Info: Redefining \] on input line 2818.
)
(/scratch/local/app/teTeX/06.18/texmf-dist/tex/latex/amsfonts/amssymb.sty
Package: amssymb 2013/01/14 v3.01 AMS font symbols

(/scratch/local/app/teTeX/06.18/texmf-dist/tex/latex/amsfonts/amsfonts.sty
Package: amsfonts 2013/01/14 v3.01 Basic AMSFonts support
\symAMSa=\mathgroup4
\symAMSb=\mathgroup5
LaTeX Font Info:    Overwriting math alphabet `\mathfrak' in version `bold'
(Font)                  U/euf/m/n --> U/euf/b/n on input line 106.
))
(/scratch/local/app/teTeX/06.18/texmf-dist/tex/latex/graphics/color.sty
Package: color 2016/07/10 v1.1e Standard LaTeX Color (DPC)

(/scratch/local/app/teTeX/06.18/texmf-dist/tex/latex/graphics-cfg/color.cfg
File: color.cfg 2016/01/02 v1.6 sample color configuration
)
Package color Info: Driver file: pdftex.def on input line 147.

(/scratch/local/app/teTeX/06.18/texmf-dist/tex/latex/graphics-def/pdftex.def
File: pdftex.def 2018/01/08 v1.0l Graphics/color driver for pdftex
))
(/scratch/local/app/teTeX/06.18/texmf-dist/tex/latex/setspace/setspace.sty
Package: setspace 2011/12/19 v6.7a set line spacing
)
(/scratch/local/app/teTeX/06.18/texmf-dist/tex/latex/cite/cite.sty
LaTeX Info: Redefining \cite on input line 302.
LaTeX Info: Redefining \nocite on input line 332.
Package: cite 2015/02/27  v 5.5
)
(./A02_ProjectDescription_averseng.aux)
\openout1 = `A02_ProjectDescription_averseng.aux'.

LaTeX Font Info:    Checking defaults for OML/cmm/m/it on input line 21.
LaTeX Font Info:    ... okay on input line 21.
LaTeX Font Info:    Checking defaults for T1/cmr/m/n on input line 21.
LaTeX Font Info:    ... okay on input line 21.
LaTeX Font Info:    Checking defaults for OT1/cmr/m/n on input line 21.
LaTeX Font Info:    ... okay on input line 21.
LaTeX Font Info:    Checking defaults for OMS/cmsy/m/n on input line 21.
LaTeX Font Info:    ... okay on input line 21.
LaTeX Font Info:    Checking defaults for OMX/cmex/m/n on input line 21.
LaTeX Font Info:    ... okay on input line 21.
LaTeX Font Info:    Checking defaults for U/cmr/m/n on input line 21.
LaTeX Font Info:    ... okay on input line 21.

*geometry* driver: auto-detecting
*geometry* detected driver: pdftex
*geometry* verbose mode - [ preamble ] result:
* driver: pdftex
* paper: a4paper
* layout: <same size as paper>
* layoutoffset:(h,v)=(0.0pt,0.0pt)
* modes: 
* h-part:(L,W,R)=(81.94394pt, 433.62pt, 81.94394pt)
* v-part:(T,H,B)=(106.75473pt, 578.15999pt, 160.13213pt)
* \paperwidth=597.50787pt
* \paperheight=845.04684pt
* \textwidth=433.62pt
* \textheight=578.15999pt
* \oddsidemargin=9.67395pt
* \evensidemargin=9.67395pt
* \topmargin=-2.51526pt
* \headheight=12.0pt
* \headsep=25.0pt
* \topskip=10.0pt
* \footskip=30.0pt
* \marginparwidth=65.0pt
* \marginparsep=11.0pt
* \columnsep=10.0pt
* \skip\footins=9.0pt plus 4.0pt minus 2.0pt
* \hoffset=0.0pt
* \voffset=0.0pt
* \mag=1000
* \@twocolumnfalse
* \@twosidefalse
* \@mparswitchfalse
* \@reversemarginfalse
* (1in=72.27pt=25.4mm, 1cm=28.453pt)

(/scratch/local/app/teTeX/06.18/texmf-dist/tex/context/base/mkii/supp-pdf.mkii
[Loading MPS to PDF converter (version 2006.09.02).]
\scratchcounter=\count104
\scratchdimen=\dimen120
\scratchbox=\box28
\nofMPsegments=\count105
\nofMParguments=\count106
\everyMPshowfont=\toks21
\MPscratchCnt=\count107
\MPscratchDim=\dimen121
\MPnumerator=\count108
\makeMPintoPDFobject=\count109
\everyMPtoPDFconversion=\toks22
)
LaTeX Font Info:    Try loading font information for U+msa on input line 23.
 (/scratch/local/app/teTeX/06.18/texmf-dist/tex/latex/amsfonts/umsa.fd
File: umsa.fd 2013/01/14 v3.01 AMS symbols A
)
LaTeX Font Info:    Try loading font information for U+msb on input line 23.

(/scratch/local/app/teTeX/06.18/texmf-dist/tex/latex/amsfonts/umsb.fd
File: umsb.fd 2013/01/14 v3.01 AMS symbols B
)

LaTeX Warning: No \author given.

[1

{/usr/local64.hg/app/teTeX/current/texmf-var/fonts/map/pdftex/updmap/pdftex.map
}]
Overfull \hbox (6.79999pt too wide) in paragraph at lines 35--72
[] 
 []

[1]

LaTeX Warning: Citation `BUC07ACB08' on page 2 undefined on input line 126.

[2] [3] [4] [5]
Underfull \hbox (badness 1831) in paragraph at lines 253--257
[][]\OT1/cmr/m/sc/9 F. An-dri-ulli, K. Cools, H. Bagci, F. Olyslager, A. Buffa,
 S. Chris-tiansen, and
 []

[6

]
Underfull \hbox (badness 10000) in paragraph at lines 447--448

 []

[7]
Underfull \hbox (badness 10000) in paragraph at lines 457--458

 []


Underfull \hbox (badness 10000) in paragraph at lines 462--463

 []


Underfull \hbox (badness 10000) in paragraph at lines 468--469

 []

[8] [9

] [10

] (./A02_ProjectDescription_averseng.aux)

LaTeX Warning: There were undefined references.

 ) 
Here is how much of TeX's memory you used:
 2393 strings out of 492649
 31490 string characters out of 6122040
 101807 words of memory out of 5000000
 6264 multiletter control sequences out of 15000+600000
 14646 words of font info for 56 fonts, out of 8000000 for 9000
 1141 hyphenation exceptions out of 8191
 27i,6n,31p,1035b,269s stack positions out of 5000i,500n,10000p,200000b,80000s
</scratch/local/app/teTeX/06.18/texmf-dist/fonts/type1/public/amsfonts/cm/cmb
x10.pfb></scratch/local/app/teTeX/06.18/texmf-dist/fonts/type1/public/amsfonts/
cm/cmbx12.pfb></scratch/local/app/teTeX/06.18/texmf-dist/fonts/type1/public/ams
fonts/cm/cmcsc10.pfb></scratch/local/app/teTeX/06.18/texmf-dist/fonts/type1/pub
lic/amsfonts/cm/cmex10.pfb></scratch/local/app/teTeX/06.18/texmf-dist/fonts/typ
e1/public/amsfonts/cm/cmmi10.pfb></scratch/local/app/teTeX/06.18/texmf-dist/fon
ts/type1/public/amsfonts/cm/cmmi6.pfb></scratch/local/app/teTeX/06.18/texmf-dis
t/fonts/type1/public/amsfonts/cm/cmmi7.pfb></scratch/local/app/teTeX/06.18/texm
f-dist/fonts/type1/public/amsfonts/cm/cmr10.pfb></scratch/local/app/teTeX/06.18
/texmf-dist/fonts/type1/public/amsfonts/cm/cmr17.pfb></scratch/local/app/teTeX/
06.18/texmf-dist/fonts/type1/public/amsfonts/cm/cmr6.pfb></scratch/local/app/te
TeX/06.18/texmf-dist/fonts/type1/public/amsfonts/cm/cmr7.pfb></scratch/local/ap
p/teTeX/06.18/texmf-dist/fonts/type1/public/amsfonts/cm/cmr9.pfb></scratch/loca
l/app/teTeX/06.18/texmf-dist/fonts/type1/public/amsfonts/cm/cmsy10.pfb></scratc
h/local/app/teTeX/06.18/texmf-dist/fonts/type1/public/amsfonts/cm/cmsy7.pfb></s
cratch/local/app/teTeX/06.18/texmf-dist/fonts/type1/public/amsfonts/cm/cmti10.p
fb></scratch/local/app/teTeX/06.18/texmf-dist/fonts/type1/public/amsfonts/cm/cm
ti9.pfb></scratch/local/app/teTeX/06.18/texmf-dist/fonts/type1/public/amsfonts/
symbols/msbm10.pfb>
Output written on A02_ProjectDescription_averseng.pdf (11 pages, 232961 bytes).

PDF statistics:
 108 PDF objects out of 1000 (max. 8388607)
 77 compressed objects within 1 object stream
 0 named destinations out of 1000 (max. 500000)
 1 words of extra memory for PDF output out of 10000 (max. 10000000)

